2023-05-13 03:53:26.791 [restartedMain] INFO  c.e.mytaskguru.MyTaskGuruApplication - Starting MyTaskGuruApplication on prateek-Latitude-3379 with PID 96026 (/home/prateek/Downloads/Major(SPE)/MyTaskGuru-Fullstack/MyTaskGuru/target/classes started by prateek in /home/prateek/Downloads/Major(SPE)/MyTaskGuru-Fullstack/MyTaskGuru)
2023-05-13 03:53:26.801 [restartedMain] INFO  c.e.mytaskguru.MyTaskGuruApplication - No active profile set, falling back to default profiles: default
2023-05-13 03:53:26.951 [restartedMain] INFO  o.s.b.d.e.DevToolsPropertyDefaultsPostProcessor - Devtools property defaults active! Set 'spring.devtools.add-properties' to 'false' to disable
2023-05-13 03:53:26.952 [restartedMain] INFO  o.s.b.d.e.DevToolsPropertyDefaultsPostProcessor - For additional web related logging consider setting the 'logging.level.web' property to 'DEBUG'
2023-05-13 03:53:29.852 [restartedMain] INFO  o.s.d.r.c.RepositoryConfigurationDelegate - Bootstrapping Spring Data repositories in DEFAULT mode.
2023-05-13 03:53:30.168 [restartedMain] INFO  o.s.d.r.c.RepositoryConfigurationDelegate - Finished Spring Data repository scanning in 285ms. Found 4 repository interfaces.
2023-05-13 03:53:31.632 [restartedMain] INFO  o.s.c.s.PostProcessorRegistrationDelegate$BeanPostProcessorChecker - Bean 'org.springframework.transaction.annotation.ProxyTransactionManagementConfiguration' of type [org.springframework.transaction.annotation.ProxyTransactionManagementConfiguration$$EnhancerBySpringCGLIB$$887141ba] is not eligible for getting processed by all BeanPostProcessors (for example: not eligible for auto-proxying)
2023-05-13 03:53:31.781 [restartedMain] INFO  o.s.c.s.PostProcessorRegistrationDelegate$BeanPostProcessorChecker - Bean 'org.springframework.security.config.annotation.configuration.ObjectPostProcessorConfiguration' of type [org.springframework.security.config.annotation.configuration.ObjectPostProcessorConfiguration$$EnhancerBySpringCGLIB$$211f09f4] is not eligible for getting processed by all BeanPostProcessors (for example: not eligible for auto-proxying)
2023-05-13 03:53:31.803 [restartedMain] INFO  o.s.c.s.PostProcessorRegistrationDelegate$BeanPostProcessorChecker - Bean 'objectPostProcessor' of type [org.springframework.security.config.annotation.configuration.AutowireBeanFactoryObjectPostProcessor] is not eligible for getting processed by all BeanPostProcessors (for example: not eligible for auto-proxying)
2023-05-13 03:53:31.811 [restartedMain] INFO  o.s.c.s.PostProcessorRegistrationDelegate$BeanPostProcessorChecker - Bean 'org.springframework.security.access.expression.method.DefaultMethodSecurityExpressionHandler@46601343' of type [org.springframework.security.access.expression.method.DefaultMethodSecurityExpressionHandler] is not eligible for getting processed by all BeanPostProcessors (for example: not eligible for auto-proxying)
2023-05-13 03:53:31.822 [restartedMain] INFO  o.s.c.s.PostProcessorRegistrationDelegate$BeanPostProcessorChecker - Bean 'org.springframework.security.config.annotation.method.configuration.GlobalMethodSecurityConfiguration' of type [org.springframework.security.config.annotation.method.configuration.GlobalMethodSecurityConfiguration$$EnhancerBySpringCGLIB$$45f3aca6] is not eligible for getting processed by all BeanPostProcessors (for example: not eligible for auto-proxying)
2023-05-13 03:53:31.850 [restartedMain] INFO  o.s.c.s.PostProcessorRegistrationDelegate$BeanPostProcessorChecker - Bean 'org.springframework.security.config.annotation.method.configuration.Jsr250MetadataSourceConfiguration' of type [org.springframework.security.config.annotation.method.configuration.Jsr250MetadataSourceConfiguration$$EnhancerBySpringCGLIB$$6b48c4bc] is not eligible for getting processed by all BeanPostProcessors (for example: not eligible for auto-proxying)
2023-05-13 03:53:31.859 [restartedMain] INFO  o.s.c.s.PostProcessorRegistrationDelegate$BeanPostProcessorChecker - Bean 'jsr250MethodSecurityMetadataSource' of type [org.springframework.security.access.annotation.Jsr250MethodSecurityMetadataSource] is not eligible for getting processed by all BeanPostProcessors (for example: not eligible for auto-proxying)
2023-05-13 03:53:31.862 [restartedMain] INFO  o.s.c.s.PostProcessorRegistrationDelegate$BeanPostProcessorChecker - Bean 'methodSecurityMetadataSource' of type [org.springframework.security.access.method.DelegatingMethodSecurityMetadataSource] is not eligible for getting processed by all BeanPostProcessors (for example: not eligible for auto-proxying)
2023-05-13 03:53:32.795 [restartedMain] INFO  o.s.b.w.e.tomcat.TomcatWebServer - Tomcat initialized with port(s): 3002 (http)
2023-05-13 03:53:32.829 [restartedMain] INFO  o.a.coyote.http11.Http11NioProtocol - Initializing ProtocolHandler ["http-nio-3002"]
2023-05-13 03:53:32.853 [restartedMain] INFO  o.a.catalina.core.StandardService - Starting service [Tomcat]
2023-05-13 03:53:32.853 [restartedMain] INFO  o.a.catalina.core.StandardEngine - Starting Servlet engine: [Apache Tomcat/9.0.21]
2023-05-13 03:53:33.010 [restartedMain] INFO  o.a.c.c.C.[Tomcat].[localhost].[/] - Initializing Spring embedded WebApplicationContext
2023-05-13 03:53:33.011 [restartedMain] INFO  o.s.web.context.ContextLoader - Root WebApplicationContext: initialization completed in 6058 ms
2023-05-13 03:53:33.679 [restartedMain] INFO  com.zaxxer.hikari.HikariDataSource - HikariPool-1 - Starting...
2023-05-13 03:53:33.951 [restartedMain] INFO  com.zaxxer.hikari.HikariDataSource - HikariPool-1 - Start completed.
2023-05-13 03:53:34.378 [restartedMain] INFO  o.h.jpa.internal.util.LogHelper - HHH000204: Processing PersistenceUnitInfo [
	name: default
	...]
2023-05-13 03:53:34.505 [restartedMain] INFO  org.hibernate.Version - HHH000412: Hibernate Core {5.3.10.Final}
2023-05-13 03:53:34.507 [restartedMain] INFO  org.hibernate.cfg.Environment - HHH000206: hibernate.properties not found
2023-05-13 03:53:34.747 [restartedMain] INFO  o.h.annotations.common.Version - HCANN000001: Hibernate Commons Annotations {5.0.4.Final}
2023-05-13 03:53:35.009 [restartedMain] INFO  org.hibernate.dialect.Dialect - HHH000400: Using dialect: org.hibernate.dialect.MySQL5Dialect
2023-05-13 03:53:36.998 [restartedMain] INFO  o.s.o.j.LocalContainerEntityManagerFactoryBean - Initialized JPA EntityManagerFactory for persistence unit 'default'
2023-05-13 03:53:38.130 [restartedMain] INFO  o.s.b.d.a.OptionalLiveReloadServer - LiveReload server is running on port 35729
2023-05-13 03:53:38.415 [restartedMain] WARN  o.s.b.a.o.j.JpaBaseConfiguration$JpaWebConfiguration$JpaWebMvcConfiguration - spring.jpa.open-in-view is enabled by default. Therefore, database queries may be performed during view rendering. Explicitly configure spring.jpa.open-in-view to disable this warning
2023-05-13 03:53:39.072 [restartedMain] INFO  o.s.s.web.DefaultSecurityFilterChain - Creating filter chain: any request, [org.springframework.security.web.context.request.async.WebAsyncManagerIntegrationFilter@27c3c664, org.springframework.security.web.context.SecurityContextPersistenceFilter@34caf7f0, org.springframework.security.web.header.HeaderWriterFilter@696dd235, org.springframework.web.filter.CorsFilter@1c98ccc0, org.springframework.security.web.authentication.logout.LogoutFilter@186decd4, com.example.mytaskguru.security.JwtAuthenticationFilter@6c5e26d3, org.springframework.security.web.savedrequest.RequestCacheAwareFilter@1ef3c84c, org.springframework.security.web.servletapi.SecurityContextHolderAwareRequestFilter@5aeeca35, org.springframework.security.web.authentication.AnonymousAuthenticationFilter@21814cbe, org.springframework.security.web.session.SessionManagementFilter@705975d5, org.springframework.security.web.access.ExceptionTranslationFilter@5af9902, org.springframework.security.web.access.intercept.FilterSecurityInterceptor@65db4dc4]
2023-05-13 03:53:39.797 [restartedMain] INFO  o.a.coyote.http11.Http11NioProtocol - Starting ProtocolHandler ["http-nio-3002"]
2023-05-13 03:53:39.832 [restartedMain] INFO  o.s.b.w.e.tomcat.TomcatWebServer - Tomcat started on port(s): 3002 (http) with context path ''
2023-05-13 03:53:39.839 [restartedMain] INFO  c.e.mytaskguru.MyTaskGuruApplication - Started MyTaskGuruApplication in 14.934 seconds (JVM running for 17.961)
2023-05-13 03:54:05.570 [http-nio-3002-exec-1] INFO  o.a.c.c.C.[Tomcat].[localhost].[/] - Initializing Spring DispatcherServlet 'dispatcherServlet'
2023-05-13 03:54:05.571 [http-nio-3002-exec-1] INFO  o.s.web.servlet.DispatcherServlet - Initializing Servlet 'dispatcherServlet'
2023-05-13 03:54:05.608 [http-nio-3002-exec-1] INFO  o.s.web.servlet.DispatcherServlet - Completed initialization in 37 ms
2023-05-13 03:54:06.106 [http-nio-3002-exec-1] INFO  c.e.mytaskguru.services.UserService - [saveUser] - com.example.mytaskguru.domain.User@2f16323d
2023-05-13 03:54:07.650 [http-nio-3002-exec-1] INFO  c.e.mytaskguru.services.UserService - [RESULT - saveUser] - com.example.mytaskguru.domain.User@2f16323d
2023-05-13 03:54:31.958 [Thread-37] INFO  o.s.o.j.LocalContainerEntityManagerFactoryBean - Closing JPA EntityManagerFactory for persistence unit 'default'
2023-05-13 03:54:31.975 [Thread-37] INFO  com.zaxxer.hikari.HikariDataSource - HikariPool-1 - Shutdown initiated...
2023-05-13 03:54:32.006 [Thread-37] INFO  com.zaxxer.hikari.HikariDataSource - HikariPool-1 - Shutdown completed.
